<?xml version="1.0" encoding="UTF-8"?>
<testsuites>
  <testsuite name="shell" tests="1" skipped="0" timestamp="Mon Sep 21 14:34:27 KST 2026">
    <testcase classname="/home/vimkim/.cub/campaign/cbrd-26659/ticket49/scenarios/barrier/bug_bts_22449/cases/bug_bts_22449.sh" name="/home/vimkim/.cub/campaign/cbrd-26659/ticket49/scenarios/barrier/bug_bts_22449/cases/bug_bts_22449.sh" file="/home/vimkim/.cub/campaign/cbrd-26659/ticket49/scenarios/barrier/bug_bts_22449/cases/bug_bts_22449.sh" time="132.01"></testcase>
  </testsuite>
</testsuites>