<?xml version="1.0" encoding="UTF-8"?>
<testsuites>
  <testsuite name="shell" tests="1" skipped="0" timestamp="Mon Sep 21 14:41:19 KST 2026">
    <testcase classname="/home/vimkim/.cub/campaign/cbrd-26659/ticket49/scenarios/barrier-r2/bug_bts_22449/cases/bug_bts_22449.sh" name="/home/vimkim/.cub/campaign/cbrd-26659/ticket49/scenarios/barrier-r2/bug_bts_22449/cases/bug_bts_22449.sh" file="/home/vimkim/.cub/campaign/cbrd-26659/ticket49/scenarios/barrier-r2/bug_bts_22449/cases/bug_bts_22449.sh" time="130.711"></testcase>
  </testsuite>
</testsuites>